[    0.000000] Initializing cgroup subsys cpuset
[    0.000000] Initializing cgroup subsys cpu
[    0.000000] Initializing cgroup subsys cpuacct
[    0.000000] Linux version 4.4.0-210-generic (buildd@lgw01-amd64-009) (gcc version 5.4.0 20160609 (Ubuntu 5.4.0-6ubuntu1~16.04.12) ) #242-Ubuntu SMP Fri Apr 16 09:57:56 UTC 2021 (Ubuntu 4.4.0-210.242-generic 4.4.262)
[    0.000000] Command line: BOOT_IMAGE=/boot/vmlinuz-4.4.0-210-generic root=LABEL=cloudimg-rootfs ro console=tty1 console=ttyS0
[    0.000000] KERNEL supported cpus:
[    0.000000]   Intel GenuineIntel
[    0.000000]   AMD AuthenticAMD
[    0.000000]   Centaur CentaurHauls
[    0.000000] x86/fpu: xstate_offset[2]:  576, xstate_sizes[2]:  256
[    0.000000] x86/fpu: Supporting XSAVE feature 0x01: 'x87 floating point registers'
[    0.000000] x86/fpu: Supporting XSAVE feature 0x02: 'SSE registers'
[    0.000000] x86/fpu: Supporting XSAVE feature 0x04: 'AVX registers'
[    0.000000] x86/fpu: Enabled xstate features 0x7, context size is 832 bytes, using 'standard' format.
[    0.000000] e820: BIOS-provided physical RAM map:
[    0.000000] BIOS-e820: [mem 0x0000000000000000-0x000000000009fbff] usable
[    0.000000] BIOS-e820: [mem 0x000000000009fc00-0x000000000009ffff] reserved
[    0.000000] BIOS-e820: [mem 0x00000000000f0000-0x00000000000fffff] reserved
[    0.000000] BIOS-e820: [mem 0x0000000000100000-0x000000003ffeffff] usable
[    0.000000] BIOS-e820: [mem 0x000000003fff0000-0x000000003fffffff] ACPI data
[    0.000000] BIOS-e820: [mem 0x00000000fec00000-0x00000000fec00fff] reserved
[    0.000000] BIOS-e820: [mem 0x00000000fee00000-0x00000000fee00fff] reserved
[    0.000000] BIOS-e820: [mem 0x00000000fffc0000-0x00000000ffffffff] reserved
[    0.000000] NX (Execute Disable) protection: active
[    0.000000] SMBIOS 2.5 present.
[    0.000000] Hypervisor detected: KVM
[    0.000000] e820: last_pfn = 0x3fff0 max_arch_pfn = 0x400000000
[    0.000000] MTRR: Disabled
[    0.000000] x86/PAT: MTRRs disabled, skipping PAT initialization too.
[    0.000000] CPU MTRRs all blank - virtualized system.
[    0.000000] x86/PAT: Configuration [0-7]: WB  WT  UC- UC  WB  WT  UC- UC  
[    0.000000] found SMP MP-table at [mem 0x0009fff0-0x0009ffff] mapped at [ffff88000009fff0]
[    0.000000] Scanning 1 areas for low memory corruption
[    0.000000] RAMDISK: [mem 0x362dc000-0x37165fff]
[    0.000000] ACPI: Early table checksum verification disabled
[    0.000000] ACPI: RSDP 0x00000000000E0000 000024 (v02 VBOX  )
[    0.000000] ACPI: XSDT 0x000000003FFF0030 00003C (v01 VBOX   VBOXXSDT 00000001 ASL  00000061)
[    0.000000] ACPI: FACP 0x000000003FFF00F0 0000F4 (v04 VBOX   VBOXFACP 00000001 ASL  00000061)
[    0.000000] ACPI: DSDT 0x000000003FFF0470 002325 (v02 VBOX   VBOXBIOS 00000002 INTL 20200925)
[    0.000000] ACPI: FACS 0x000000003FFF0200 000040
[    0.000000] ACPI: FACS 0x000000003FFF0200 000040
[    0.000000] ACPI: APIC 0x000000003FFF0240 00005C (v02 VBOX   VBOXAPIC 00000001 ASL  00000061)
[    0.000000] ACPI: SSDT 0x000000003FFF02A0 0001CC (v01 VBOX   VBOXCPUT 00000002 INTL 20200925)
[    0.000000] No NUMA configuration found
[    0.000000] Faking a node at [mem 0x0000000000000000-0x000000003ffeffff]
[    0.000000] NODE_DATA(0) allocated [mem 0x3ffeb000-0x3ffeffff]
[    0.000000] kvm-clock: Using msrs 4b564d01 and 4b564d00
[    0.000000] kvm-clock: cpu 0, msr 0:3ffe3001, primary cpu clock
[    0.000000] kvm-clock: using sched offset of 4969744751 cycles
[    0.000000] clocksource: kvm-clock: mask: 0xffffffffffffffff max_cycles: 0x1cd42e4dffb, max_idle_ns: 881590591483 ns
[    0.000000] Zone ranges:
[    0.000000]   DMA      [mem 0x0000000000001000-0x0000000000ffffff]
[    0.000000]   DMA32    [mem 0x0000000001000000-0x000000003ffeffff]
[    0.000000]   Normal   empty
[    0.000000]   Device   empty
[    0.000000] Movable zone start for each node
[    0.000000] Early memory node ranges
[    0.000000]   node   0: [mem 0x0000000000001000-0x000000000009efff]
[    0.000000]   node   0: [mem 0x0000000000100000-0x000000003ffeffff]
[    0.000000] Initmem setup node 0 [mem 0x0000000000001000-0x000000003ffeffff]
[    0.000000] ACPI: PM-Timer IO Port: 0x4008
[    0.000000] IOAPIC[0]: apic_id 2, version 32, address 0xfec00000, GSI 0-23
[    0.000000] ACPI: INT_SRC_OVR (bus 0 bus_irq 0 global_irq 2 dfl dfl)
[    0.000000] ACPI: INT_SRC_OVR (bus 0 bus_irq 9 global_irq 9 low level)
[    0.000000] Using ACPI (MADT) for SMP configuration information
[    0.000000] smpboot: Allowing 2 CPUs, 0 hotplug CPUs
[    0.000000] PM: Registered nosave memory: [mem 0x00000000-0x00000fff]
[    0.000000] PM: Registered nosave memory: [mem 0x0009f000-0x0009ffff]
[    0.000000] PM: Registered nosave memory: [mem 0x000a0000-0x000effff]
[    0.000000] PM: Registered nosave memory: [mem 0x000f0000-0x000fffff]
[    0.000000] e820: [mem 0x40000000-0xfebfffff] available for PCI devices
[    0.000000] Booting paravirtualized kernel on KVM
[    0.000000] clocksource: refined-jiffies: mask: 0xffffffff max_cycles: 0xffffffff, max_idle_ns: 7645519600211568 ns
[    0.000000] setup_percpu: NR_CPUS:512 nr_cpumask_bits:512 nr_cpu_ids:2 nr_node_ids:1
[    0.000000] PERCPU: Embedded 33 pages/cpu @ffff88003fc00000 s95192 r8192 d31784 u1048576
[    0.000000] Built 1 zonelists in Node order, mobility grouping on.  Total pages: 257912
[    0.000000] Policy zone: DMA32
[    0.000000] Kernel command line: BOOT_IMAGE=/boot/vmlinuz-4.4.0-210-generic root=LABEL=cloudimg-rootfs ro console=tty1 console=ttyS0
[    0.000000] PID hash table entries: 4096 (order: 3, 32768 bytes)
[    0.000000] Memory: 997792K/1048120K available (8644K kernel code, 1332K rwdata, 4044K rodata, 1492K init, 1164K bss, 50328K reserved, 0K cma-reserved)
[    0.000000] SLUB: HWalign=64, Order=0-3, MinObjects=0, CPUs=2, Nodes=1
[    0.000000] Kernel/User page tables isolation: enabled
[    0.000000] Hierarchical RCU implementation.
[    0.000000] 	Build-time adjustment of leaf fanout to 64.
[    0.000000] 	RCU restricting CPUs from NR_CPUS=512 to nr_cpu_ids=2.
[    0.000000] RCU: Adjusting geometry for rcu_fanout_leaf=64, nr_cpu_ids=2
[    0.000000] NR_IRQS:33024 nr_irqs:440 16
[    0.000000] Console: colour VGA+ 80x25
[    0.000000] console [tty1] enabled
[    0.000000] console [ttyS0] enabled
[    0.000000] tsc: Detected 1992.001 MHz processor
[    0.441592] Calibrating delay loop (skipped) preset value.. 3984.00 BogoMIPS (lpj=7968004)
[    0.447572] pid_max: default: 32768 minimum: 301
[    0.450938] ACPI: Core revision 20150930
[    0.456766] ACPI: 2 ACPI AML tables successfully acquired and loaded
[    0.461434] Security Framework initialized
[    0.464401] Yama: becoming mindful.
[    0.467071] AppArmor: AppArmor initialized
[    0.470327] Dentry cache hash table entries: 131072 (order: 8, 1048576 bytes)
[    0.477649] Inode-cache hash table entries: 65536 (order: 7, 524288 bytes)
[    0.482695] Mount-cache hash table entries: 2048 (order: 2, 16384 bytes)
[    0.486784] Mountpoint-cache hash table entries: 2048 (order: 2, 16384 bytes)
[    0.491532] Initializing cgroup subsys io
[    0.494281] Initializing cgroup subsys memory
[    0.497467] Initializing cgroup subsys devices
[    0.500561] Initializing cgroup subsys freezer
[    0.503668] Initializing cgroup subsys net_cls
[    0.506617] Initializing cgroup subsys perf_event
[    0.509941] Initializing cgroup subsys net_prio
[    0.513119] Initializing cgroup subsys hugetlb
[    0.516140] Initializing cgroup subsys pids
[    0.567089] mce: CPU supports 0 MCE banks
[    0.570966] Last level iTLB entries: 4KB 64, 2MB 8, 4MB 8
[    0.574378] Last level dTLB entries: 4KB 64, 2MB 0, 4MB 0, 1GB 4
[    0.578900] Spectre V1 : Mitigation: usercopy/swapgs barriers and __user pointer sanitization
[    0.585770] Spectre V2 : Mitigation: Full generic retpoline
[    0.593079] Spectre V2 : Spectre v2 / SpectreRSB mitigation: Filling RSB on context switch
[    0.600147] Speculative Store Bypass: Vulnerable
[    0.603621] SRBDS: Unknown: Dependent on hypervisor status
[    0.608156] MDS: Mitigation: Clear CPU buffers
[    0.623254] Freeing SMP alternatives memory: 36K
[    0.648635] ftrace: allocating 32380 entries in 127 pages
[    0.847736] smpboot: APIC(0) Converting physical 0 to logical package 0
[    0.851460] smpboot: Max logical packages: 1
[    0.854679] x2apic enabled
[    0.857257] Switched APIC routing to physical x2apic.
[    0.863181] ..TIMER: vector=0x30 apic1=0 pin1=2 apic2=-1 pin2=-1
[    0.974715] smpboot: CPU0: Intel(R) Core(TM) i7-8550U CPU @ 1.80GHz (family: 0x6, model: 0x8e, stepping: 0xa)
[    0.980339] Performance Events: unsupported p6 CPU model 142 no PMU driver, software events only.
[    1.017880] KVM setup paravirtual spinlock
[    1.023788] x86: Booting SMP configuration:
[    1.027224] .... node  #0, CPUs:      #1
[    1.030862] kvm-clock: cpu 1, msr 0:3ffe3041, secondary cpu clock
[    1.081487] mce: CPU supports 0 MCE banks
[    1.085441] x86: Booted up 1 node, 2 CPUs
[    1.089048] smpboot: Total of 2 processors activated (7968.00 BogoMIPS)
[    1.094534] devtmpfs: initialized
[    1.103299] evm: security.selinux
[    1.105912] evm: security.SMACK64
[    1.108731] evm: security.SMACK64EXEC
[    1.111357] evm: security.SMACK64TRANSMUTE
[    1.114188] evm: security.SMACK64MMAP
[    1.116958] evm: security.ima
[    1.119225] evm: security.capability
[    1.122450] clocksource: jiffies: mask: 0xffffffff max_cycles: 0xffffffff, max_idle_ns: 7645041785100000 ns
[    1.128773] futex hash table entries: 512 (order: 3, 32768 bytes)
[    1.133232] pinctrl core: initialized pinctrl subsystem
[    1.136933] RTC time: 22:13:05, date: 05/16/22
[    1.141084] NET: Registered protocol family 16
[    1.155036] cpuidle: using governor ladder
[    1.166610] cpuidle: using governor menu
[    1.169431] PCCT header not found.
[    1.172323] ACPI: bus type PCI registered
[    1.175189] acpiphp: ACPI Hot Plug PCI Controller Driver version: 0.5
[    1.179474] PCI: Using configuration type 1 for base access
[    1.200495] ACPI: Added _OSI(Module Device)
[    1.203160] ACPI: Added _OSI(Processor Device)
[    1.205888] ACPI: Added _OSI(3.0 _SCP Extensions)
[    1.209049] ACPI: Added _OSI(Processor Aggregator Device)
[    1.214745] ACPI: Executed 1 blocks of module-level executable AML code
[    1.225484] ACPI: Interpreter enabled
[    1.228197] ACPI: (supports S0 S5)
[    1.230579] ACPI: Using IOAPIC for interrupt routing
[    1.234735] PCI: Using host bridge windows from ACPI; if necessary, use "pci=nocrs" and report a bug
[    1.250840] ACPI: PCI Root Bridge [PCI0] (domain 0000 [bus 00-ff])
[    1.255155] acpi PNP0A03:00: _OSC: OS supports [ASPM ClockPM Segments MSI]
[    1.259971] acpi PNP0A03:00: _OSC: not requesting OS control; OS requires [ExtendedConfig ASPM ClockPM MSI]
[    1.265546] acpi PNP0A03:00: fail to add MMCONFIG information, can't access extended PCI configuration space under this bridge.
[    1.273259] PCI host bridge to bus 0000:00
[    1.275824] pci_bus 0000:00: root bus resource [io  0x0000-0x0cf7 window]
[    1.279891] pci_bus 0000:00: root bus resource [io  0x0d00-0xffff window]
[    1.283799] pci_bus 0000:00: root bus resource [mem 0x000a0000-0x000bffff window]
[    1.290247] pci_bus 0000:00: root bus resource [mem 0x40000000-0xfdffffff window]
[    1.295014] pci_bus 0000:00: root bus resource [bus 00-ff]
[    1.302815] pci 0000:00:01.1: legacy IDE quirk: reg 0x10: [io  0x01f0-0x01f7]
[    1.307077] pci 0000:00:01.1: legacy IDE quirk: reg 0x14: [io  0x03f6]
[    1.311060] pci 0000:00:01.1: legacy IDE quirk: reg 0x18: [io  0x0170-0x0177]
[    1.343500] pci 0000:00:01.1: legacy IDE quirk: reg 0x1c: [io  0x0376]
[    1.382748] pci 0000:00:07.0: quirk: [io  0x4000-0x403f] claimed by PIIX4 ACPI
[    1.387394] pci 0000:00:07.0: quirk: [io  0x4100-0x410f] claimed by PIIX4 SMB
[    1.404402] ACPI: PCI Interrupt Link [LNKA] (IRQs 5 9 10 *11)
[    1.410547] ACPI: PCI Interrupt Link [LNKB] (IRQs 5 9 *10 11)
[    1.416014] ACPI: PCI Interrupt Link [LNKC] (IRQs 5 *9 10 11)
[    1.421380] ACPI: PCI Interrupt Link [LNKD] (IRQs 5 9 10 *11)
[    1.426948] ACPI: Enabled 2 GPEs in block 00 to 07
[    1.431651] vgaarb: setting as boot device: PCI:0000:00:02.0
[    1.435766] vgaarb: device added: PCI:0000:00:02.0,decodes=io+mem,owns=io+mem,locks=none
[    1.441176] vgaarb: loaded
[    1.443373] vgaarb: bridge control possible 0000:00:02.0
[    1.447581] SCSI subsystem initialized
[    1.450738] ACPI: bus type USB registered
[    1.453641] usbcore: registered new interface driver usbfs
[    1.457141] usbcore: registered new interface driver hub
[    1.460655] usbcore: registered new device driver usb
[    1.466983] PCI: Using ACPI for IRQ routing
[    1.470892] NetLabel: Initializing
[    1.473353] NetLabel:  domain hash size = 128
[    1.476341] NetLabel:  protocols = UNLABELED CIPSOv4
[    1.481188] NetLabel:  unlabeled traffic allowed by default
[    1.485338] amd_nb: Cannot enumerate AMD northbridges
[    1.488867] clocksource: Switched to clocksource kvm-clock
[    1.511632] AppArmor: AppArmor Filesystem Enabled
[    1.515149] pnp: PnP ACPI init
[    1.519898] pnp: PnP ACPI: found 3 devices
[    1.545326] clocksource: acpi_pm: mask: 0xffffff max_cycles: 0xffffff, max_idle_ns: 2085701024 ns
[    1.551505] NET: Registered protocol family 2
[    1.555752] TCP established hash table entries: 8192 (order: 4, 65536 bytes)
[    1.561085] TCP bind hash table entries: 8192 (order: 5, 131072 bytes)
[    1.565142] TCP: Hash tables configured (established 8192 bind 8192)
[    1.569642] UDP hash table entries: 512 (order: 2, 16384 bytes)
[    1.573548] UDP-Lite hash table entries: 512 (order: 2, 16384 bytes)
[    1.577651] NET: Registered protocol family 1
[    1.580600] pci 0000:00:00.0: Limiting direct PCI/PCI transfers
[    1.584563] pci 0000:00:01.0: Activating ISA DMA hang workarounds
[    1.588736] Unpacking initramfs...
[    2.371542] Freeing initrd memory: 14888K
[    2.375139] clocksource: tsc: mask: 0xffffffffffffffff max_cycles: 0x396d54029a7, max_idle_ns: 881590429682 ns
[    2.382742] platform rtc_cmos: registered platform RTC device (no PNP device found)
[    2.388861] Scanning for low memory corruption every 60 seconds
[    2.394181] audit: initializing netlink subsys (disabled)
[    2.398338] audit: type=2000 audit(1652739192.122:1): initialized
[    2.403579] Initialise system trusted keyring
[    2.407830] HugeTLB registered 2 MB page size, pre-allocated 0 pages
[    2.416693] zbud: loaded
[    2.420283] VFS: Disk quotas dquot_6.6.0
[    2.423585] VFS: Dquot-cache hash table entries: 512 (order 0, 4096 bytes)
[    2.429203] squashfs: version 4.0 (2009/01/31) Phillip Lougher
[    2.434445] fuse init (API version 7.23)
[    2.438157] Key type big_key registered
[    2.441401] Allocating IMA MOK and blacklist keyrings.
[    2.447970] Key type asymmetric registered
[    2.451336] Asymmetric key parser 'x509' registered
[    2.455148] Block layer SCSI generic (bsg) driver version 0.4 loaded (major 249)
[    2.461310] io scheduler noop registered
[    2.464372] io scheduler deadline registered (default)
[    2.468352] io scheduler cfq registered
[    2.471739] pci_hotplug: PCI Hot Plug PCI Core version: 0.5
[    2.475868] pciehp: PCI Express Hot Plug Controller Driver version: 0.4
[    2.480966] ACPI: AC Adapter [AC] (off-line)
[    2.484189] input: Power Button as /devices/LNXSYSTM:00/LNXPWRBN:00/input/input0
[    2.490039] ACPI: Power Button [PWRF]
[    2.493264] input: Sleep Button as /devices/LNXSYSTM:00/LNXSLPBN:00/input/input1
[    2.499075] ACPI: Sleep Button [SLPF]
[    2.506948] ACPI: Battery Slot [BAT0] (battery present)
[    2.511044] GHES: HEST is not enabled!
[    2.514575] Serial: 8250/16550 driver, 32 ports, IRQ sharing enabled
[    2.540989] 00:02: ttyS0 at I/O 0x3f8 (irq = 4, base_baud = 115200) is a 16550A
[    2.549664] Linux agpgart interface v0.103
[    2.562622] loop: module loaded
[    2.567232] scsi host0: ata_piix
[    2.570662] scsi host1: ata_piix
[    2.573632] ata1: PATA max UDMA/33 cmd 0x1f0 ctl 0x3f6 bmdma 0xd000 irq 14
[    2.578212] ata2: PATA max UDMA/33 cmd 0x170 ctl 0x376 bmdma 0xd008 irq 15
[    2.583800] libphy: Fixed MDIO Bus: probed
[    2.587936] tun: Universal TUN/TAP device driver, 1.6
[    2.591892] tun: (C) 1999-2004 Max Krasnyansky <maxk@qualcomm.com>
[    2.596603] PPP generic driver version 2.4.2
[    2.600325] ehci_hcd: USB 2.0 'Enhanced' Host Controller (EHCI) Driver
[    2.605401] ehci-pci: EHCI PCI platform driver
[    2.608955] ehci-platform: EHCI generic platform driver
[    2.613252] ohci_hcd: USB 1.1 'Open' Host Controller (OHCI) Driver
[    2.617686] ohci-pci: OHCI PCI platform driver
[    2.621173] ohci-platform: OHCI generic platform driver
[    2.625502] uhci_hcd: USB Universal Host Controller Interface driver
[    2.630332] i8042: PNP: PS/2 Controller [PNP0303:PS2K,PNP0f03:PS2M] at 0x60,0x64 irq 1,12
[    2.638071] serio: i8042 KBD port at 0x60,0x64 irq 1
[    2.641838] serio: i8042 AUX port at 0x60,0x64 irq 12
[    2.646232] mousedev: PS/2 mouse device common for all mice
[    2.652185] rtc_cmos rtc_cmos: rtc core: registered rtc_cmos as rtc0
[    2.657257] rtc_cmos rtc_cmos: alarms up to one day, 114 bytes nvram
[    2.662007] i2c /dev entries driver
[    2.665338] input: AT Translated Set 2 keyboard as /devices/platform/i8042/serio0/input/input2
[    2.672166] device-mapper: uevent: version 1.0.3
[    2.676083] device-mapper: ioctl: 4.34.0-ioctl (2015-10-28) initialised: dm-devel@redhat.com
[    2.682887] ledtrig-cpu: registered to indicate activity on CPUs
[    2.688849] NET: Registered protocol family 10
[    2.693304] NET: Registered protocol family 17
[    2.696840] Key type dns_resolver registered
[    2.701148] registered taskstats version 1
[    2.705446] Loading compiled-in X.509 certificates
[    2.710868] Loaded X.509 cert 'Build time autogenerated kernel key: cf00e047681d67edb2720680708b7d9498083038'
[    2.718215] zswap: loaded using pool lzo/zbud
[    2.728457] Key type trusted registered
[    2.770988] Key type encrypted registered
[    2.774115] AppArmor: AppArmor sha1 policy hashing enabled
[    2.778322] ima: No TPM chip found, activating TPM-bypass!
[    2.781922] ima: Allocated hash algorithm: sha1
[    2.785866] evm: HMAC attrs: 0x1
[    2.789095]   Magic number: 6:698:249
[    2.792108] rtc_cmos rtc_cmos: setting system clock to 2022-05-16 22:13:06 UTC (1652739186)
[    2.798346] BIOS EDD facility v0.16 2004-Jun-25, 0 devices found
[    2.802651] EDD information not available.
[    2.809713] Freeing unused kernel memory: 1492K
[    3.006672] Write protecting the kernel read-only data: 14336k
[    3.011976] Freeing unused kernel memory: 1584K
[    3.015528] Freeing unused kernel memory: 52K
Loading, please wait...
starting version 229
[    3.075302] random: systemd-udevd: uninitialized urandom read (16 bytes read, 5 bits of entropy available)
[    3.077969] random: udevadm: uninitialized urandom read (16 bytes read, 5 bits of entropy available)
[    3.078064] random: udevadm: uninitialized urandom read (16 bytes read, 5 bits of entropy available)
[    3.098117] random: systemd-udevd: uninitialized urandom read (16 bytes read, 5 bits of entropy available)
[    3.105486] random: systemd-udevd: uninitialized urandom read (16 bytes read, 5 bits of entropy available)
[    3.112800] random: systemd-udevd: uninitialized urandom read (16 bytes read, 5 bits of entropy available)
[    3.117162] random: udevadm: uninitialized urandom read (16 bytes read, 5 bits of entropy available)
[    3.117440] random: udevadm: uninitialized urandom read (16 bytes read, 5 bits of entropy available)
[    3.118098] random: udevadm: uninitialized urandom read (16 bytes read, 5 bits of entropy available)
[    3.118325] random: udevadm: uninitialized urandom read (16 bytes read, 5 bits of entropy available)
[    3.417782] Fusion MPT base driver 3.04.20
[    3.423246] Copyright (c) 1999-2008 LSI Corporation
[    3.505744] e1000: Intel(R) PRO/1000 Network Driver - version 7.3.21-k8-NAPI
[    3.514211] e1000: Copyright (c) 1999-2006 Intel Corporation.
[    3.602488] AVX2 version of gcm_enc/dec engaged.
[    3.609198] AES CTR mode by8 optimization enabled
[    3.667952] Fusion MPT SPI Host driver 3.04.20
[    3.751845] input: ImExPS/2 Generic Explorer Mouse as /devices/platform/i8042/serio1/input/input4
[    4.474341] e1000 0000:00:03.0 eth0: (PCI:33MHz:32-bit) 02:be:82:6b:cc:1d
[    4.479642] e1000 0000:00:03.0 eth0: Intel(R) PRO/1000 Network Connection
[    4.489779] mptbase: ioc0: Initiating bringup
[    4.491925] e1000 0000:00:03.0 enp0s3: renamed from eth0
[    5.020820] ioc0: LSI53C1030 A0: Capabilities={Initiator}
[    7.564707] scsi host2: ioc0: LSI53C1030 A0, FwRev=00000000h, Ports=1, MaxQ=256, IRQ=20
[    8.571117] scsi 2:0:0:0: Direct-Access     VBOX     HARDDISK         1.0  PQ: 0 ANSI: 5
[    8.580483] scsi target2:0:0: Beginning Domain Validation
[    8.593556] scsi target2:0:0: Domain Validation skipping write tests
[    8.599890] scsi target2:0:0: Ending Domain Validation
[    8.605395] scsi target2:0:0: asynchronous
[    8.612951] scsi 2:0:1:0: Direct-Access     VBOX     HARDDISK         1.0  PQ: 0 ANSI: 5
[    8.620545] scsi target2:0:1: Beginning Domain Validation
[    8.632237] scsi target2:0:1: Domain Validation skipping write tests
[    8.637547] scsi target2:0:1: Ending Domain Validation
[    8.686240] scsi target2:0:1: asynchronous
[    8.714160] sd 2:0:0:0: Attached scsi generic sg0 type 0
[    8.715924] sd 2:0:0:0: [sda] 83886080 512-byte logical blocks: (42.9 GB/40.0 GiB)
[    8.716466] sd 2:0:0:0: [sda] Write Protect is off
[    8.716865] sd 2:0:0:0: [sda] Incomplete mode parameter data
[    8.716871] sd 2:0:0:0: [sda] Assuming drive cache: write through
[    8.732611]  sda: sda1
[    8.736173] sd 2:0:0:0: [sda] Attached SCSI disk
[    8.750077] sd 2:0:1:0: Attached scsi generic sg1 type 0
[    8.752562] sd 2:0:1:0: [sdb] 20480 512-byte logical blocks: (10.5 MB/10.0 MiB)
[    8.753203] sd 2:0:1:0: [sdb] Write Protect is off
[    8.753762] sd 2:0:1:0: [sdb] Incomplete mode parameter data
[    8.753769] sd 2:0:1:0: [sdb] Assuming drive cache: write through
[    8.761227] sd 2:0:1:0: [sdb] Attached SCSI disk
Begin: Loading essential drivers ... [   10.888574] md: linear personality registered for level -1
[   10.900664] md: multipath personality registered for level -4
[   10.913469] md: raid0 personality registered for level 0
[   10.928774] md: raid1 personality registered for level 1
[   11.009034] raid6: sse2x1   gen()  3092 MB/s
[   11.077019] raid6: sse2x1   xor()  2292 MB/s
[   11.145001] raid6: sse2x2   gen()  4257 MB/s
[   11.212977] raid6: sse2x2   xor()  2556 MB/s
[   11.281065] raid6: sse2x4   gen()  3860 MB/s
[   11.352959] raid6: sse2x4   xor()  2637 MB/s
[   11.420985] raid6: avx2x1   gen()  4657 MB/s
[   11.489049] raid6: avx2x2   gen()  6885 MB/s
[   11.557734] raid6: avx2x4   gen()  7659 MB/s
[   11.560655] raid6: using algorithm avx2x4 gen() 7659 MB/s
[   11.564191] raid6: using avx2x2 recovery algorithm
[   11.571377] xor: automatically using best checksumming function:
[   11.613018]    avx       :  5700.000 MB/sec
[   11.621362] async_tx: api initialized (async)
[   11.666278] md: raid6 personality registered for level 6
[   11.671566] md: raid5 personality registered for level 5
[   11.676458] md: raid4 personality registered for level 4
[   11.708033] md: raid10 personality registered for level 10
done.
Begin: Running /scripts/init-premount ... done.
Begin: Mounting root file system ... Begin: Running /scripts/local-top ... done.
Begin: Running /scripts/local-premount ... [   11.833722] Btrfs loaded
Scanning for Btrfs filesystems
done.
Warning: fsck not present, so skipping root file system
[   11.931605] EXT4-fs (sda1): mounted filesystem with ordered data mode. Opts: (null)
done.
Begin: Running /scripts/local-bottom ... done.
Begin: Running /scripts/init-bottom ... done.
[   12.181990] systemd[1]: systemd 229 running in system mode. (+PAM +AUDIT +SELINUX +IMA +APPARMOR +SMACK +SYSVINIT +UTMP +LIBCRYPTSETUP +GCRYPT +GNUTLS +ACL +XZ -LZ4 +SECCOMP +BLKID +ELFUTILS +KMOD -IDN)
[   12.193704] systemd[1]: Detected virtualization oracle.
[   12.197104] systemd[1]: Detected architecture x86-64.

Welcome to [1mUbuntu 16.04.7 LTS[0m!

[   12.214194] systemd[1]: Set hostname to <ubuntu>.
[   12.221399] systemd[1]: Initializing machine ID from random generator.
[   12.225455] systemd[1]: Installed transient /etc/machine-id file.
[   12.590761] systemd[1]: Listening on fsck to fsckd communication Socket.
[[0;32m  OK  [0m] Listening on fsck to fsckd communication Socket.
[   12.599293] systemd[1]: Listening on Journal Socket.
[[0;32m  OK  [0m] Listening on Journal Socket.
[   12.606424] systemd[1]: Set up automount Arbitrary Executable File Formats File System Automount Point.
[[0;32m  OK  [0m] Set up automount Arbitrary Executab...ats File System Automount Point.
[   12.617506] systemd[1]: Reached target Swap.
[[0;32m  OK  [0m] Reached target Swap.
[   12.623273] systemd[1]: Listening on Device-mapper event daemon FIFOs.
[[0;32m  OK  [0m] Listening on Device-mapper event daemon FIFOs.
[   12.630988] systemd[1]: Started Trigger resolvconf update for networkd DNS.
[[0;32m  OK  [0m] Started Trigger resolvconf update for networkd DNS.
[   12.640879] systemd[1]: Created slice User and Session Slice.
[[0;32m  OK  [0m] Created slice User and Session Slice.
[   12.648531] systemd[1]: Listening on LVM2 poll daemon socket.
[[0;32m  OK  [0m] Listening on LVM2 poll daemon socket.
[   12.656395] systemd[1]: Reached target Encrypted Volumes.
[[0;32m  OK  [0m] Reached target Encrypted Volumes.
[   12.665244] systemd[1]: Listening on udev Kernel Socket.
[[0;32m  OK  [0m] Listening on udev Kernel Socket.
[   12.672396] systemd[1]: Listening on /dev/initctl Compatibility Named Pipe.
[[0;32m  OK  [0m] Listening on /dev/initctl Compatibility Named Pipe.
[   12.681498] systemd[1]: Listening on Journal Audit Socket.
[[0;32m  OK  [0m] Listening on Journal Audit Socket.
[   12.690469] systemd[1]: Created slice System Slice.
[[0;32m  OK  [0m] Created slice System Slice.
[   12.717282] systemd[1]: Mounting POSIX Message Queue File System...
         Mounting POSIX Message Queue File System...
[   12.733337] systemd[1]: Starting Uncomplicated firewall...
         Starting Uncomplicated firewall...
[   12.742176] systemd[1]: Starting Nameserver information manager...
         Starting Nameserver information manager...
[   12.749050] random: nonblocking pool is initialized
[   12.756336] systemd[1]: Starting Load Kernel Modules...
         Starting Load Kernel Modules...
[   12.764344] systemd[1]: Starting File System Check on Root Device...
         Starting File System Check on Root Device...
[   12.774304] systemd[1]: Mounting Huge Pages File System...
         Mounting Huge Pages Fil[   12.783398] systemd[1]: Starting Set console keymap...
e System...
         Starting Set console keymap...
[   12.793384] systemd[1]: Reached target Slices.
[[0;32m  OK  [0m] Reached target Slices.
[   12.801652] systemd[1]: Starting Create list of required static device nodes for the current kernel...
         Starting Create list of required st... nodes for the current kernel...
[   12.812673] systemd[1]: Reached target User and Group Name Lookups.
[[0;32m  OK  [0m] Reached target User and Group Na[   12.818761] Loading iSCSI transport class v2.0-870.
me Lookups.
[   12.825145] systemd[1]: Listening on LVM2 metadata daemon socket.
[[0;32m  OK  [0m] Listening on LVM2 metadata daemon socket.
[   12.834057] systemd[1]: Started Forward Password Requests to Wall Directory Watch.
[[0;32m  OK  [0m] Started Forward Password Requests to Wall Directory Watch.
[   12.844941] systemd[1]: Listening on Syslog Socket.
[[0;32m  OK  [0m] Listening on Syslog Socket.
[   12.854570] systemd[1]: Created slice system-serial\x2dgetty.slice.
[[0;32m  OK  [0m] Created slice system-serial\x2dgetty.slice.
[   12.877710] iscsi: registered transport (tcp)
[   12.889839] systemd[1]: Starting Monitoring of LVM2 mirrors, snapshots etc. using dmeventd or progress polling...
         Starting Monitoring of LVM2 mirrors... dmeventd or progress polling...
[   12.907970] systemd[1]: Listening on udev Control Socket.
[[0;32m  OK  [0m] Listening on udev Control Socket.
[   12.914704] systemd[1]: Reached target System Time Synchronized.
[[0;32m  OK  [0m] Reached target System Time Synchronized.
[   12.922087] systemd[1]: Listening on Journal Socket (/dev/log).
[[0;32m  OK  [0m] Listening on Journal Socket (/dev/log).
[   12.941673] systemd[1]: Starting Journal Service...
         Starting Journal Service...
[   12.960183] systemd[1]: Mounting Debug File System...
         Mounting Debug File System...
[   12.975550] systemd[1]: Mounted Huge Pages File System.
[[0;32m  OK  [0m] Mounted Huge Pages File System.
[   12.991357] systemd[1]: Mounted POSIX Message Queue File System.
[[0;32m  OK  [0m] Mounted POSIX Message Queue File System.
[   12.999779] systemd[1]: Mounted Debug File System.
[[0;32m  OK  [0m] Mounted Debug File System.
[   13.007770] systemd[1]: Started Journal Service.
[[0;32m  OK  [0m] Started Journal Service.
[[0;32m  OK  [0m] Started Uncomplicated firewall.
[[0;32m  OK  [0m] Started File System Check on Root Device.
[[0;32m  OK  [0m] Started Set console keymap.
[   13.045725] iscsi: registered transport (iser)
[[0;32m  OK  [0m] Started Create list of required sta...ce nodes for the current kernel.
[[0;32m  OK  [0m] Started Load Kernel Modules.
[[0;32m  OK  [0m] Started Nameserver information manager.
[[0;32m  OK  [0m] Started File System Check Daemon to report status.
[[0;32m  OK  [0m] Started LVM2 metadata daemon.
         Mounting FUSE Control File System...
         Starting Apply Kernel Variables...
         Starting Create Static Device Nodes in /dev...
         Starting Remount Root and Kernel File Systems...
[[0;32m  OK  [0m] Mounted FUSE Control File System.
[[0;32m  OK  [0m] Started Apply Kernel Variables.
[[0;32m  OK  [0m] Started Remount Root and Kernel File Systems.
         Starting udev Coldplug all Devices...
         Starting Load/Save Random Seed...
         Starting Flush Journal to Persistent Storage...
[[0;32m  OK  [0m] Started Create Static Device Nodes in /dev.
         Starting udev Kernel Device Manager...
[[0;32m  OK  [0m] Started Load/Save Random Seed.
[[0;32m  OK  [0m] Started Flush Journal to Persistent Storage.
[[0;32m  OK  [0m] Started udev Kernel Device Manager.
[[0;32m  OK  [0m] Started udev Coldplug all Devices.
[[0;32m  OK  [0m] Started Dispatch Password Requests to Console Directory Watch.
[[0;32m  OK  [0m] Started Monitoring of LVM2 mirrors,...ng dmeventd or progress polling.
[[0;32m  OK  [0m] Reached target Local File Systems (Pre).
[[0;32m  OK  [0m] Reached target Local File Systems.
         Starting Commit a transient machine-id on disk...
         Starting Set console font and keymap...
         Starting Tell Plymouth To Write Out Runtime Data...
         Starting Create Volatile Files and Directories...
         Starting Initial cloud-init job (pre-networking)...
         Starting LSB: AppArmor initialization...
[[0;32m  OK  [0m] Started Tell Plymouth To Write Out Runtime Data.
[[0;32m  OK  [0m] Started Commit a transient machine-id on disk.
[[0;32m  OK  [0m] Started Create Volatile Files and Directories.
         Starting Update UTMP about System Boot/Shutdown...
[[0;32m  OK  [0m] Started Update UTMP about System Boot/Shutdown.
[[0;32m  OK  [0m] Found device /dev/ttyS0.
[[0;32m  OK  [0m] Listening on Load/Save RF Kill Switch Status /dev/rfkill Watch.
[   16.722876] cloud-init[505]: Cloud-init v. 21.1-19-gbad84ad4-0ubuntu1~16.04.2 running 'init-local' at Mon, 16 May 2022 22:13:19 +0000. Up 15.48 seconds.
[[0;32m  OK  [0m] Started LSB: AppArmor initialization.
         Starting Load AppArmor profiles managed internally by snapd...
[[0;32m  OK  [0m] Started Set console font and keymap.
[[0;32m  OK  [0m] Started Initial cloud-init job (pre-networking).
[[0;32m  OK  [0m] Started Load AppArmor profiles managed internally by snapd.
[[0;32m  OK  [0m] Reached target Network (Pre).
         Starting Raise network interfaces...
[[0;32m  OK  [0m] Created slice system-getty.slice.
[[0;32m  OK  [0m] Started Raise network interfaces.
         Starting Initial cloud-init job (metadata service crawler)...
[[0;32m  OK  [0m] Reached target Network.
[   20.738586] cloud-init[960]: Cloud-init v. 21.1-19-gbad84ad4-0ubuntu1~16.04.2 running 'init' at Mon, 16 May 2022 22:13:23 +0000. Up 19.03 seconds.
[   20.743757] cloud-init[960]: ci-info: ++++++++++++++++++++++++++++++++++++++Net device info++++++++++++++++++++++++++++++++++++++
[   20.748123] cloud-init[960]: ci-info: +--------+------+----------------------------+---------------+--------+-------------------+
[   20.753156] cloud-init[960]: ci-info: | Device |  Up  |          Address           |      Mask     | Scope  |     Hw-Address    |
[   20.757640] cloud-init[960]: ci-info: +--------+------+----------------------------+---------------+--------+-------------------+
[   20.762438] cloud-init[960]: ci-info: | enp0s3 | True |         10.0.2.15          | 255.255.255.0 | global | 02:be:82:6b:cc:1d |
[   20.766720] cloud-init[960]: ci-info: | enp0s3 | True | fe80::be:82ff:fe6b:cc1d/64 |       .       |  link  | 02:be:82:6b:cc:1d |
[   20.771682] cloud-init[960]: ci-info: |   lo   | True |         127.0.0.1          |   255.0.0.0   |  host  |         .         |
[   20.777877] cloud-init[960]: ci-info: |   lo   | True |          ::1/128           |       .       |  host  |         .         |
[   20.782304] cloud-init[960]: ci-info: +--------+------+----------------------------+---------------+--------+-------------------+
[   20.786997] cloud-init[960]: ci-info: +++++++++++++++++++++++++++Route IPv4 info++++++++++++++++++++++++++++
[   20.791285] cloud-init[960]: ci-info: +-------+-------------+----------+---------------+-----------+-------+
[   20.795088] cloud-init[960]: ci-info: | Route | Destination | Gateway  |    Genmask    | Interface | Flags |
[   20.799230] cloud-init[960]: ci-info: +-------+-------------+----------+---------------+-----------+-------+
[   20.803459] cloud-init[960]: ci-info: |   0   |   0.0.0.0   | 10.0.2.2 |    0.0.0.0    |   enp0s3  |   UG  |
[   20.807373] cloud-init[960]: ci-info: |   1   |   10.0.2.0  | 0.0.0.0  | 255.255.255.0 |   enp0s3  |   U   |
[   20.811208] cloud-init[960]: ci-info: +-------+-------------+----------+---------------+-----------+-------+
[   20.815107] cloud-init[960]: ci-info: +++++++++++++++++++Route IPv6 info+++++++++++++++++++
[   20.818662] cloud-init[960]: ci-info: +-------+-------------+---------+-----------+-------+
[   20.822724] cloud-init[960]: ci-info: | Route | Destination | Gateway | Interface | Flags |
[   20.826426] cloud-init[960]: ci-info: +-------+-------------+---------+-----------+-------+
[   20.830180] cloud-init[960]: ci-info: |   0   |  fe80::/64  |    ::   |   enp0s3  |   U   |
[   20.833775] cloud-init[960]: ci-info: |   3   |   ff00::/8  |    ::   |   enp0s3  |   U   |
[   20.837711] cloud-init[960]: ci-info: +-------+-------------+---------+-----------+-------+
[   20.841601] cloud-init[960]: Generating public/private rsa key pair.
[   20.845228] cloud-init[960]: Your identification has been saved in /etc/ssh/ssh_host_rsa_key.
[   20.848954] cloud-init[960]: Your public key has been saved in /etc/ssh/ssh_host_rsa_key.pub.
[   20.852545] cloud-init[960]: The key fingerprint is:
[   20.855830] cloud-init[960]: SHA256:EdexHe0cg9S5W5DFAtlMKz5y9ssZI7vsxlGBctmahr0 root@ubuntu-xenial
[   20.859121] cloud-init[960]: The key's randomart image is:
[   20.862449] cloud-init[960]: +---[RSA 2048]----+
[   20.866216] [[0;32m  OK  [0m] Started Initial cloud-init job (metadata service crawler).
[[0;32m  OK  [0m] Reached target Network is Online.
cloud-init[960]: |        . ..+%==o|
[   20.875900] cloud-init[960]: |         o. *+OBo|
[   20.878097] cloud-init[960]: |        .  =ooo*+|
[   20.881021] cloud-init[960]: |         ...=...+|
         Starting iSCSI initiator daemon (iscsid)...
[[0;32m  OK  [0m] Reached target System Initialization.
[[0;32m  OK  [0m] Started Ubuntu Advantage update messaging.
[[0;32m  OK  [0m] Started Message of the Day.
[[0;32m  OK  [0m] Listening on ACPID Listen Socket.
         Starting Socket activation for snappy daemon.
[[0;32m  OK  [0m] Listening on UUID daemon activation socket.
[[0;32m  OK  [0m] Started Daily apt download activities.
[[0;32m  OK  [0m] Started Daily apt upgrade and clean activities.
[[0;32m  OK  [0m] Listening on D-Bus System Message Bus Socket.
[   20.883940] cloud-init[960]: |        S ..=o  o|
         Starting LXD - unix socket.
[[0;32m  OK  [0m] Started Daily Cleanup of Temporary Directories.
[[0;32m  OK  [0m] Reached target Timers.
[[0;32m  OK  [0m] Started ACPI Events Check.
[[0;32m  OK  [0m] Reached target Paths.
[[0;32m  OK  [0m] Reached target Cloud-config availability.
[[0;32m  OK  [0m] Listening on Socket activation for snappy daemon.
[[0;32m  OK  [0m] Listening on LXD - unix socket.
[   20.910340] [cloud-init[0;32m  OK  [0m[960]: ] |           +Eo . |Reached target Sockets.

[   20.944781] cloud-init[960]: |           ...+  |
[   20.948594] cloud-init[960]: |           .o+ = |
[   20.949162] cloud-init[960]: |           o=.+  |
[   20.950675] cloud-init[960]: +----[SHA256]-----+
[   20.953394] cloud-init[960]: Generating public/private dsa key pair.
[   20.954841] cloud-init[960]: Your identification has been saved in /etc/ssh/ssh_host_dsa_key.
[   20.956342] cloud-init[960]: Your public key has been saved in /etc/ssh/ssh_host_dsa_key.pub.
[   20.957068] cloud-init[960]: The key fingerprint is:
[[0;32m  OK  [0m] Reached target Basic System.
[   20.958426] cloud-init[960]: SHA256:8au5laZ7OgfoXsdKU982A7c/Y5fZQU1H7j/sE8lBSWs root@ubuntu-xenial
[   20.973799] cloud-init[960]: The key's randomart image is:
[   20.977046] cloud-init[960]: +---[DSA 1024]----+
[   20.980213] cloud-init[960]: |              .oo|
[   20.985413] cloud-init[960]: |               ++|
[   20.988149] cloud-init[960]: |        .     .E+|
[   20.990706] cloud-init[960]: |         o    .+.|
[   20.994566] cloud-init[960]: |       .S o . + +|
[   20.995505] cloud-init[960]: |      . .o + +.*.|
[   20.997352] cloud-init[960]: |     .  +.B . *oB|
[   20.998705] cloud-init[960]: |      .o.Xo  ..@+|
         Starting Accounts Service...
[   21.002905] cloud-init[960]: |     .. OB    ..*|
[[0;32m  OK  [0m] Started Regular background program processing daemon.
[   21.014868] cloud-init[960]:          Starting LXD - container startup/shutdown...
+----[SHA256]-----+
         Starting System Logging Service...
[   21.043861] cloud-init[960]: Generating public/private ecdsa key pair.[[0;32m  OK  [0m] Started ACPI event daemon.
         Starting Pollinate to seed the pseudo random number generator...
[[0;32m  OK  [0m] Started Deferred execution scheduler.
[[0;32m  OK  [0m] Started FUSE filesystem for LXC.
         Starting Login Service...
         Starting LSB: Record successful boot for GRUB...
         Starting LSB: MD monitoring daemon...

[[0;32m  OK  [0m] Started D-Bus System Message Bus.
[   21.115504] cloud-init[960]: Your identification has been saved in /etc/ssh/ssh_host_ecdsa_key.
[   21.143733] cloud-init[960]: Your public key has been saved in /etc/ssh/ssh_host_ecdsa_key.pub.
[   21.159794] cloud-init[960]: The key fingerprint is:
[   21.167309] cloud-init[960]: SHA256:k8FOF8xBtKV/5wzjzKszFyvbySfYCvFYYtjGOOeQoYI root@ubuntu-xenial
[   21.181454] cloud-init[960]: The key's randomart image is:
[   21.188034] cloud-init[960]: +---[ECDSA 256]---+
[   21.194023] cloud-init[960]: |         ==..    |
[   21.207727] cloud-init[960]: |       .  o=     |
[   21.212792] cloud-init[960]: |        = +      |
[   21.215906] cloud-init[960]: |   .   + @ .     |
[   21.221328] cloud-init[960]: |  E . . S O o + .|
[   21.233179] cloud-init[960]: |     .   O * =.* |
[   21.238548] cloud-init[960]: |          + .o+oo|
[   21.241573] cloud-init[960]: |           .=o=o.|
[   21.246965] cloud-init[960]: |            +O=o |
         Starting Virtualbox guest utils...
         Starting /etc/rc.local Compatibility...
         Starting Snap Daemon...
[   21.269394] cloud-init[960]: +----[SHA256]-----+
[[0;32m  OK  [0m] Started System Logging Service.
[[0;32m  OK  [0m] Started /etc/rc.local Compatibility.
[   21.295229] cloud-init[960]: Generating public/private ed25519 key pair.
[   21.334253] cloud-init[960]: Your identification has been saved in /etc/ssh/ssh_host_ed25519_key.
[   21.344803] cloud-init[960]: Your public key has been saved in /etc/ssh/ssh_host_ed25519_key.pub.
[[0;32m  OK  [0m[   21.357158] cloud-init[960]: The key fingerprint is:
] Started iSCSI initiator daemon (iscsid).
[   21.361475] cloud-init[960]: SHA256:BVHoHJ9ekXYMf/cnZlFO+FlL4MzClxK40/9oP1mJVo8 root@ubuntu-xenial
[   21.384856] cloud-init[960]: The key's randomart image is:
[   21.400256] cloud-init[960]: +--[ED25519 256]--+
[[0;32m  OK  [0m] Started Login Service.[   21.421751] cloud-init[960]: |        o+o..=..o|

[   21.430163] cloud-init[960]: |        oo. O.==.|
[[0;32m  OK  [0m] Started Unattended Upgrades Shutdown.
[   21.465011] cloud-init[960]: |       o o+* O+.B|
         Starting Authenticate and Authorize Users to Run Privileged Tasks...
[   21.498872] cloud-init[960]: |        o+o.=  *+|
         Starting Login to default iSCSI targets...
[   21.525785] cloud-init[960]: |        S.... *.=|
[   21.533133] cloud-init[960]: |          .  *Eo+|
[   21.542900] cloud-init[960]: |            . o o|
[   21.543590] cloud-init[960]: |             o + |
[   21.545004] cloud-init[960]: |            . ...|
[   21.546048] cloud-init[960]: +----[SHA256]-----+
[[0;32m  OK  [0m] Started LXD - container startup/shutdown.
[[0;32m  OK  [0m] Started LSB: Record successful boot for GRUB.
[[0;32m  OK  [0m] Started LSB: MD monitoring daemon.
[[0;32m  OK  [0m] Started Authenticate and Authorize Users to Run Privileged Tasks.
[[0;32m  OK  [0m] Started Accounts Service.
[[0;32m  OK  [0m] Started Login to default iSCSI targets.
[[0;32m  OK  [0m] Reached target Remote File Systems (Pre).
[[0;32m  OK  [0m] Reached target Remote File Systems.
         Starting LSB: Set the CPU Frequency Scaling governor to "ondemand"...
         Starting LSB: automatic crash report generation...
         Starting Permit User Sessions...
         Starting LSB: daemon to balance interrupts for SMP systems...
[[0;32m  OK  [0m] Started Permit User Sessions.
         Starting Terminate Plymouth Boot Screen...
         Starting Hold until boot process finishes up...
[[0;32m  OK  [0m] Started Hold until boot process finishes up.
[[0;32m  OK  [0m] Started Terminate Plymouth Boot Screen.
[[0;32m  OK  [0m] Started Getty on tty1.
         Starting Set console scheme...
[[0;32m  OK  [0m] Started Serial Getty on ttyS0.
[[0;32m  OK  [0m] Reached target Login Prompts.
[[0;32m  OK  [0m] Started Virtualbox guest utils.
[[0;32m  OK  [0m] Started LSB: Set the CPU Frequency Scaling governor to "ondemand".
[[0;32m  OK  [0m] Started LSB: automatic crash report generation.
[[0;32m  OK  [0m] Started Set console scheme.
[[0;32m  OK  [0m] Started LSB: daemon to balance interrupts for SMP systems.
[[0;32m  OK  [0m] Started Snap Daemon.
         Starting Wait until snapd is fully seeded...
[[0;32m  OK  [0m] Started Pollinate to seed the pseudo random number generator.
         Starting OpenBSD Secure Shell server...
[[0;32m  OK  [0m] Started OpenBSD Secure Shell server.
[[0;32m  OK  [0m] Started Wait until snapd is fully seeded.
[[0;32m  OK  [0m] Reached target Multi-User System.
[[0;32m  OK  [0m] Reached target Graphical Interface.
         Starting Update UTMP about System Runlevel Changes...
         Starting Apply the settings specified in cloud-config...
[[0;32m  OK  [0m] Started Update UTMP about System Runlevel Changes.
[   25.794087] cloud-init[1322]: Generating locales (this might take a while)...

Ubuntu 16.04.7 LTS ubuntu-xenial ttyS0

ubuntu-xenial login: [   28.104826] cloud-init[1322]:   en_US.UTF-8... done
[   28.115123] cloud-init[1322]: Generation complete.
[   29.624953] cloud-init[1322]: Cloud-init v. 21.1-19-gbad84ad4-0ubuntu1~16.04.2 running 'modules:config' at Mon, 16 May 2022 22:13:29 +0000. Up 25.46 seconds.
ci-info: no authorized SSH keys fingerprints found for user ubuntu.
<14>May 16 22:13:35 ec2: 
<14>May 16 22:13:35 ec2: #############################################################
<14>May 16 22:13:35 ec2: -----BEGIN SSH HOST KEY FINGERPRINTS-----
<14>May 16 22:13:35 ec2: 1024 SHA256:8au5laZ7OgfoXsdKU982A7c/Y5fZQU1H7j/sE8lBSWs root@ubuntu-xenial (DSA)
<14>May 16 22:13:35 ec2: 256 SHA256:k8FOF8xBtKV/5wzjzKszFyvbySfYCvFYYtjGOOeQoYI root@ubuntu-xenial (ECDSA)
<14>May 16 22:13:35 ec2: 256 SHA256:BVHoHJ9ekXYMf/cnZlFO+FlL4MzClxK40/9oP1mJVo8 root@ubuntu-xenial (ED25519)
<14>May 16 22:13:35 ec2: 2048 SHA256:EdexHe0cg9S5W5DFAtlMKz5y9ssZI7vsxlGBctmahr0 root@ubuntu-xenial (RSA)
<14>May 16 22:13:35 ec2: -----END SSH HOST KEY FINGERPRINTS-----
<14>May 16 22:13:35 ec2: #############################################################
-----BEGIN SSH HOST KEY KEYS-----
ecdsa-sha2-nistp256 AAAAE2VjZHNhLXNoYTItbmlzdHAyNTYAAAAIbmlzdHAyNTYAAABBBDRbjNM8mn4aDUdkc7IZBq6sCl50Q11ZN63KzApS94wtRDAfA7XKM45aHEREnt/JwIcykttwUbFPEwSRomlNxv0= root@ubuntu-xenial
ssh-ed25519 AAAAC3NzaC1lZDI1NTE5AAAAIHXmDZja5U8E2DW6nepf2ZJxNDXJXmLGIkhODLK22qkB root@ubuntu-xenial
ssh-rsa AAAAB3NzaC1yc2EAAAADAQABAAABAQDBK7AS1+eAvVkzVwIavgaGUHSjDFUVLaYiGbo2dvK06CdRyANICeyCcLo/I+TC/pSTKx5ZXQo7glBlB15ctw2EPQ6jW3y/yPf5aGqen2lK9zKSJotbd6zl+Z/enIdlEcjdoZuWJHuonqPO1tspiTmXv+2Gx9MUz6NgYrJe+HvbhidLoT+R0ZycgrtvYDT2C1onzkEyVKb+8oWpyj21viSKtfjza9DgAPEjqVCgM9TPcKiAk3hGlOHgtnNz6wWtF0Ct2S06uLybtPbqSs6yXeae2qPJrQLjH5E4/zuo65swx88dvDjQWEjMeQexsYCLGThFGr0BgXphujRNBezgWXCd root@ubuntu-xenial
-----END SSH HOST KEY KEYS-----
[   31.465718] cloud-init[1466]: Cloud-init v. 21.1-19-gbad84ad4-0ubuntu1~16.04.2 running 'modules:final' at Mon, 16 May 2022 22:13:35 +0000. Up 30.87 seconds.
[   31.466382] cloud-init[1466]: ci-info: no authorized SSH keys fingerprints found for user ubuntu.
[   31.467163] cloud-init[1466]: Cloud-init v. 21.1-19-gbad84ad4-0ubuntu1~16.04.2 finished at Mon, 16 May 2022 22:13:35 +0000. Datasource DataSourceNoCloud [seed=/dev/sdb][dsmode=net].  Up 31.44 seconds
